<?xml version="1.0" encoding="utf-8"?>
<test-run id="2" testcasecount="3" result="Failed" total="3" passed="2" failed="1" inconclusive="0" skipped="0" asserts="0" engine-version="3.5.0.0" clr-version="4.0.30319.42000" start-time="2023-01-01 10:00:00Z" end-time="2023-01-01 10:00:01Z" duration="1.000000">
  <test-suite type="TestSuite" id="1000" name="SampleTests" fullname="SampleTests" runstate="Runnable" testcasecount="3" result="Failed" site="Child" start-time="2023-01-01 10:00:00Z" end-time="2023-01-01 10:00:01Z" duration="1.000000" total="3" passed="2" failed="1" inconclusive="0" skipped="0" asserts="0">
    <properties />
    <test-case id="1001" name="PassingTest" fullname="SampleTests.PassingTest" methodname="PassingTest" classname="SampleTests" runstate="Runnable" seed="1" result="Passed" start-time="2023-01-01 10:00:00Z" end-time="2023-01-01 10:00:00Z" duration="0.100000" asserts="0">
      <properties />
    </test-case>
    <test-case id="1002" name="AnotherPassingTest" fullname="SampleTests.AnotherPassingTest" methodname="AnotherPassingTest" classname="SampleTests" runstate="Runnable" seed="2" result="Passed" start-time="2023-01-01 10:00:00Z" end-time="2023-01-01 10:00:00Z" duration="0.100000" asserts="0">
      <properties />
    </test-case>
    <test-case id="1003" name="FailingTest" fullname="SampleTests.FailingTest" methodname="FailingTest" classname="SampleTests" runstate="Runnable" seed="3" result="Failed" start-time="2023-01-01 10:00:00Z" end-time="2023-01-01 10:00:01Z" duration="0.800000" asserts="0">
      <properties />
      <failure>
        <message><![CDATA[Expected: 1 But was: 2]]></message>
        <stack-trace><![CDATA[at SampleTests.FailingTest() in /src/Tests.cs:42]]></stack-trace>
      </failure>
    </test-case>
  </test-suite>
</test-run>
